Performing C SOURCE FILE Test CMAKE_HAVE_LIBC_PTHREAD failed with the following output:
Change Dir: /home/MiniGraph/build/CMakeFiles/CMakeTmp

Run Build Command(s):/usr/bin/make cmTC_dd4cf/fast && /usr/bin/make -f CMakeFiles/cmTC_dd4cf.dir/build.make CMakeFiles/cmTC_dd4cf.dir/build
make[1]: Entering directory '/home/MiniGraph/build/CMakeFiles/CMakeTmp'
Building C object CMakeFiles/cmTC_dd4cf.dir/src.c.o
/usr/bin/cc   -O3 -DCMAKE_HAVE_LIBC_PTHREAD   -o CMakeFiles/cmTC_dd4cf.dir/src.c.o   -c /home/MiniGraph/build/CMakeFiles/CMakeTmp/src.c
Linking C executable cmTC_dd4cf
/usr/bin/cmake -E cmake_link_script CMakeFiles/cmTC_dd4cf.dir/link.txt --verbose=1
/usr/bin/cc  -O3 -DCMAKE_HAVE_LIBC_PTHREAD    -rdynamic CMakeFiles/cmTC_dd4cf.dir/src.c.o  -o cmTC_dd4cf 
/usr/bin/ld: CMakeFiles/cmTC_dd4cf.dir/src.c.o: in function `main':
src.c:(.text.startup+0x29): undefined reference to `pthread_create'
/usr/bin/ld: src.c:(.text.startup+0x32): undefined reference to `pthread_detach'
/usr/bin/ld: src.c:(.text.startup+0x3d): undefined reference to `pthread_join'
collect2: error: ld returned 1 exit status
make[1]: *** [CMakeFiles/cmTC_dd4cf.dir/build.make:87: cmTC_dd4cf] Error 1
make[1]: Leaving directory '/home/MiniGraph/build/CMakeFiles/CMakeTmp'
make: *** [Makefile:121: cmTC_dd4cf/fast] Error 2


Source file was:
#include <pthread.h>

void* test_func(void* data)
{
  return data;
}

int main(void)
{
  pthread_t thread;
  pthread_create(&thread, NULL, test_func, NULL);
  pthread_detach(thread);
  pthread_join(thread, NULL);
  pthread_atfork(NULL, NULL, NULL);
  pthread_exit(NULL);

  return 0;
}

Determining if the function pthread_create exists in the pthreads failed with the following output:
Change Dir: /home/MiniGraph/build/CMakeFiles/CMakeTmp

Run Build Command(s):/usr/bin/make cmTC_ab3de/fast && /usr/bin/make -f CMakeFiles/cmTC_ab3de.dir/build.make CMakeFiles/cmTC_ab3de.dir/build
make[1]: Entering directory '/home/MiniGraph/build/CMakeFiles/CMakeTmp'
Building C object CMakeFiles/cmTC_ab3de.dir/CheckFunctionExists.c.o
/usr/bin/cc   -O3 -DCHECK_FUNCTION_EXISTS=pthread_create   -o CMakeFiles/cmTC_ab3de.dir/CheckFunctionExists.c.o   -c /usr/share/cmake-3.16/Modules/CheckFunctionExists.c
Linking C executable cmTC_ab3de
/usr/bin/cmake -E cmake_link_script CMakeFiles/cmTC_ab3de.dir/link.txt --verbose=1
/usr/bin/cc  -O3 -DCHECK_FUNCTION_EXISTS=pthread_create    -rdynamic CMakeFiles/cmTC_ab3de.dir/CheckFunctionExists.c.o  -o cmTC_ab3de  -lpthreads 
/usr/bin/ld: cannot find -lpthreads
collect2: error: ld returned 1 exit status
make[1]: *** [CMakeFiles/cmTC_ab3de.dir/build.make:87: cmTC_ab3de] Error 1
make[1]: Leaving directory '/home/MiniGraph/build/CMakeFiles/CMakeTmp'
make: *** [Makefile:121: cmTC_ab3de/fast] Error 2



